<?xml version="1.0" encoding="UTF-8"?>
<!-- Generated by org.testng.reporters.JUnitReportReporter -->
<testsuite hostname="DESKTOP-ADTL076" failures="0" tests="1" name="Day10_05062018.Action_Item_7" time="43.727" errors="0" timestamp="09 May 2018 21:14:10 GMT" skipped="0">
  <testcase classname="Day10_05062018.Action_Item_7" name="prioritytest1" time="43.727"/>
</testsuite> <!-- Day10_05062018.Action_Item_7 -->
