<?xml version="1.0" encoding="UTF-8"?>
<!-- Generated by org.testng.reporters.JUnitReportReporter -->
<testsuite hostname="DESKTOP-ADTL076" failures="0" tests="2" name="qwfa.ExpressTest" time="16.468" errors="0" timestamp="20 May 2018 16:58:44 GMT" skipped="0">
  <testcase classname="qwfa.ExpressTest" name="expressCheckout" time="16.184"/>
  <testcase classname="qwfa.ExpressTest" name="addQuantity" time="0.284"/>
</testsuite> <!-- qwfa.ExpressTest -->
