<?xml version="1.0" encoding="UTF-8"?>
<!-- Generated by org.testng.reporters.JUnitReportReporter -->
<testsuite hostname="DESKTOP-ADTL076" failures="0" tests="1" name="Day12_05192018.InClassActionItem" time="18.347" errors="0" timestamp="19 May 2018 16:10:36 GMT" skipped="0">
  <testcase classname="Day12_05192018.InClassActionItem" name="testSenario" time="18.347"/>
</testsuite> <!-- Day12_05192018.InClassActionItem -->
