<?xml version="1.0" encoding="UTF-8"?>
<!-- Generated by org.testng.reporters.JUnitReportReporter -->
<testsuite hostname="DESKTOP-ADTL076" failures="0" tests="1" name="Day10_05062018.InClassActionItem" time="18.803" errors="0" timestamp="06 May 2018 18:24:10 GMT" skipped="0">
  <testcase classname="Day10_05062018.InClassActionItem" name="testSenario" time="18.803"/>
</testsuite> <!-- Day10_05062018.InClassActionItem -->
