<?xml version="1.0" encoding="UTF-8"?>
<!-- Generated by org.testng.reporters.JUnitReportReporter -->
<testsuite hostname="DESKTOP-ADTL076" failures="0" tests="1" name="Day10_05062018.Count_UsPs" time="8.074" errors="0" timestamp="19 May 2018 16:10:36 GMT" skipped="0">
  <testcase classname="Day10_05062018.Count_UsPs" name="testScenario" time="8.074"/>
</testsuite> <!-- Day10_05062018.Count_UsPs -->
