<?xml version="1.0" encoding="UTF-8"?>
<!-- Generated by org.testng.reporters.JUnitReportReporter -->
<testsuite hostname="DESKTOP-ADTL076" failures="0" tests="1" name="Day11_05122018.ExtentReport_TestNG" time="1.345" errors="0" timestamp="12 May 2018 18:23:26 GMT" skipped="0">
  <testcase classname="Day11_05122018.ExtentReport_TestNG" name="testSenario" time="1.345"/>
</testsuite> <!-- Day11_05122018.ExtentReport_TestNG -->
