<?xml version="1.0" encoding="UTF-8"?>
<!-- Generated by org.testng.reporters.JUnitReportReporter -->
<testsuite hostname="DESKTOP-ADTL076" failures="0" tests="2" name="Day12_05192018.Paralell_Testing" time="22.345" errors="0" timestamp="19 May 2018 17:14:29 GMT" skipped="0">
  <testcase classname="Day12_05192018.Paralell_Testing" name="testSenario" time="14.479"/>
  <testcase classname="Day12_05192018.Paralell_Testing" name="testSenario" time="7.866"/>
</testsuite> <!-- Day12_05192018.Paralell_Testing -->
