<?xml version="1.0" encoding="UTF-8"?>
<!-- Generated by org.testng.reporters.JUnitReportReporter -->
<testsuite hostname="DESKTOP-ADTL076" failures="0" tests="2" name="Day13_05202018.ExpressTest" time="15.090" errors="0" timestamp="20 May 2018 17:06:24 GMT" skipped="0">
  <testcase classname="Day13_05202018.ExpressTest" name="addQuantity" time="0.320"/>
  <testcase classname="Day13_05202018.ExpressTest" name="expressCheckout" time="14.770"/>
</testsuite> <!-- Day13_05202018.ExpressTest -->
